<?xml version="1.0" encoding="UTF-8"?>
<testng-results ignored="0" total="1" passed="1" failed="0" skipped="0">
  <reporter-output>
  </reporter-output>
  <suite started-at="2018-12-05T00:44:32Z" name="Suite" finished-at="2018-12-05T00:44:32Z" duration-ms="20">
    <groups>
    </groups>
    <test started-at="2018-12-05T00:44:32Z" name="Test" finished-at="2018-12-05T00:44:32Z" duration-ms="20">
      <class name="maven.project.MavenTest">
        <test-method signature="MavenTest1()[pri:0, instance:maven.project.MavenTest@37654521]" started-at="2018-12-05T00:44:32Z" name="MavenTest1" finished-at="2018-12-05T00:44:32Z" duration-ms="4" status="PASS">
          <reporter-output>
          </reporter-output>
        </test-method> <!-- MavenTest1 -->
      </class> <!-- maven.project.MavenTest -->
    </test> <!-- Test -->
  </suite> <!-- Suite -->
</testng-results>
